<?xml version="1.0" encoding="UTF-8"?>
<testsuite xmlns:xsi="http://www.w3.org/2001/XMLSchema-instance" xsi:noNamespaceSchemaLocation="https://maven.apache.org/surefire/maven-surefire-plugin/xsd/surefire-test-report-3.0.xsd" version="3.0" name="com.saveWebPage.saveWebPage.SaveWebPageApplicationTests" time="4.152" tests="1" errors="0" skipped="0" failures="0">
  <properties>
[...]
</properties>
  <testcase name="contextLoads" classname="com.saveWebPage.saveWebPage.SaveWebPageApplicationTests" time="1.239">
    <system-out><![CDATA[10:01:43.890 [main] INFO org.springframework.test.context.support.AnnotationConfigContextLoaderUtils -- Could not detect default configuration classes for test class [com.saveWebPage.saveWebPage.SaveWebPageApplicationTests]: SaveWebPageApplicationTests does not declare any static, non-private, non-final, nested classes annotated with @Configuration.
10:01:44.059 [main] INFO org.springframework.boot.test.context.SpringBootTestContextBootstrapper -- Found @SpringBootConfiguration com.saveWebPage.saveWebPage.SaveWebPageApplication for test class com.saveWebPage.saveWebPage.SaveWebPageApplicationTests

  .   ____          _            __ _ _
 /\\ / ___'_ __ _ _(_)_ __  __ _ \ \ \ \
( ( )\___ | '_ | '_| | '_ \/ _` | \ \ \ \
 \\/  ___)| |_)| | | | | || (_| |  ) ) ) )
  '  |____| .__|_| |_|_| |_\__, | / / / /
 =========|_|==============|___/=/_/_/_/
 :: Spring Boot ::       (v3.1.0-SNAPSHOT)

2023-05-11T10:01:44.722+05:30  INFO 2508 --- [           main] c.s.s.SaveWebPageApplicationTests        : Starting SaveWebPageApplicationTests using Java 17.0.7 with PID 2508 (started by NimaliW in D:\personel\mcs\mcs-1202\saveWebPage\saveWebPage)
2023-05-11T10:01:44.727+05:30  INFO 2508 --- [           main] c.s.s.SaveWebPageApplicationTests        : No active profile set, falling back to 1 default profile: "default"
2023-05-11T10:01:46.479+05:30  INFO 2508 --- [           main] c.s.s.SaveWebPageApplicationTests        : Started SaveWebPageApplicationTests in 2.128 seconds (process running for 3.744)
]]></system-out>
  </testcase>
</testsuite>